#! /c/Source/iverilog-install/bin/vvp
:ivl_version "12.0 (devel)" "(s20150603-1539-g2693dd32b)";
:ivl_delay_selection "TYPICAL";
:vpi_time_precision + 0;
:vpi_module "C:\iverilog\lib\ivl\system.vpi";
:vpi_module "C:\iverilog\lib\ivl\vhdl_sys.vpi";
:vpi_module "C:\iverilog\lib\ivl\vhdl_textio.vpi";
:vpi_module "C:\iverilog\lib\ivl\v2005_math.vpi";
:vpi_module "C:\iverilog\lib\ivl\va_math.vpi";
:vpi_module "C:\iverilog\lib\ivl\v2009.vpi";
S_00000249528cd300 .scope package, "$unit" "$unit" 2 1;
 .timescale 0 0;
S_00000249528ef5f0 .scope module, "testbench" "testbench" 3 1;
 .timescale 0 0;
S_00000249528cd760 .scope module, "tb_1" "testbench_1" 3 3, 4 1 0, S_00000249528ef5f0;
 .timescale 0 0;
P_0000024952884f00 .param/l "data_ptr_width" 1 4 5, +C4<00000000000000000000000000000010>;
P_0000024952884f38 .param/l "n_inputs" 1 4 4, +C4<00000000000000000000000000000100>;
P_0000024952884f70 .param/l "width" 1 4 3, +C4<00000000000000000000000000010000>;
v000002495295be70_0 .var "clk", 0 0;
v000002495295a110_0 .var "current_data", 15 0;
v000002495295a930_0 .var/queue "data_in_queue", 16;
v000002495295b1f0_0 .var/queue "data_out_queue", 16;
v000002495295a570_0 .var "data_ptr", 1 0;
v000002495295bdd0_0 .var "delays", 14 0;
v000002495295b470_0 .net "down_data", 15 0, L_00000249528e84f0;  1 drivers
v000002495295acf0_0 .net "down_vld", 0 0, L_00000249528e7ed0;  1 drivers
v000002495295a9d0_0 .var "is_test_fail", 0 0;
v000002495295ba10_0 .var "res", 15 0;
v000002495295ad90_0 .var "res_expected", 15 0;
v000002495295af70_0 .var "ring_one", 3 0;
v000002495295b150_0 .var "rst", 0 0;
v000002495295ae30_0 .var "running", 0 0;
v000002495295a1b0_0 .net "up_data", 63 0, L_000002495293e640;  1 drivers
v000002495295a610_0 .net "up_vlds", 3 0, L_000002495293d4c0;  1 drivers
E_00000249528e4860 .event anyedge, v000002495295ae30_0;
E_00000249528e48a0 .event anyedge, v000002495295ae30_0, v000002495295a570_0;
E_00000249528e5ca0 .event "finish";
E_00000249528e51e0 .event "all_combination_done";
L_000002495293e000 .part v000002495295af70_0, 0, 1;
L_000002495293d2e0 .part v000002495295bdd0_0, 0, 2;
L_000002495293d880 .part v000002495295af70_0, 1, 1;
L_000002495293db00 .part v000002495295bdd0_0, 3, 2;
L_000002495293e140 .part v000002495295af70_0, 2, 1;
L_000002495293d6a0 .part v000002495295bdd0_0, 6, 2;
L_000002495293d740 .part v000002495295af70_0, 3, 1;
L_000002495293ebe0 .part v000002495295bdd0_0, 9, 2;
L_000002495293d4c0 .concat8 [ 1 1 1 1], v00000249528deb60_0, v00000249528d3410_0, v000002495295a7f0_0, v000002495295ac50_0;
L_000002495293e640 .concat8 [ 16 16 16 16], v00000249528de160_0, v00000249528d2fb0_0, v000002495295bd30_0, v000002495295aed0_0;
S_00000249528cd8f0 .scope begin, "$ivl_for_loop0" "$ivl_for_loop0" 4 109, 4 109 0, S_00000249528cd760;
 .timescale 0 0;
v00000249528dd3a0_0 .var/2s "i", 31 0;
S_00000249528ad770 .scope begin, "$ivl_for_loop1" "$ivl_for_loop1" 4 215, 4 215 0, S_00000249528cd760;
 .timescale 0 0;
v00000249528dd620_0 .var/2s "l", 31 0;
S_00000249528ad900 .scope module, "DUT" "put_in_order" 4 15, 5 1 0, S_00000249528cd760;
 .timescale 0 0;
    .port_info 0 /INPUT 1 "clk";
    .port_info 1 /INPUT 1 "rst";
    .port_info 2 /INPUT 4 "up_vlds";
    .port_info 3 /INPUT 64 "up_data";
    .port_info 4 /OUTPUT 1 "down_vld";
    .port_info 5 /OUTPUT 16 "down_data";
P_00000249528385a0 .param/l "n_inputs" 0 5 4, +C4<00000000000000000000000000000100>;
P_00000249528385d8 .param/l "width" 0 5 3, +C4<00000000000000000000000000010000>;
L_00000249528e7ed0 .functor BUFZ 1, v00000249528dd8a0_0, C4<0>, C4<0>, C4<0>;
L_00000249528e84f0 .functor BUFZ 16, v00000249528dd800_0, C4<0000000000000000>, C4<0000000000000000>, C4<0000000000000000>;
v00000249528dd080_0 .net "clk", 0 0, v000002495295be70_0;  1 drivers
v00000249528de840_0 .var "data", 1 0;
v00000249528ddf80_0 .var "data_next", 1 0;
v00000249528dd6c0_0 .var "data_reg", 63 0;
v00000249528dd300_0 .var "data_reg_next", 63 0;
v00000249528de660_0 .net "down_data", 15 0, L_00000249528e84f0;  alias, 1 drivers
v00000249528dd800_0 .var "down_data_reg", 15 0;
v00000249528dda80_0 .net "down_vld", 0 0, L_00000249528e7ed0;  alias, 1 drivers
v00000249528dd8a0_0 .var "down_vld_reg", 0 0;
v00000249528dd940_0 .var "flag", 3 0;
v00000249528de480_0 .var "flag_next", 3 0;
v00000249528de020_0 .var/i "i", 31 0;
v00000249528dcfe0_0 .net "rst", 0 0, v000002495295b150_0;  1 drivers
v00000249528dd9e0_0 .net "up_data", 63 0, L_000002495293e640;  alias, 1 drivers
v00000249528de8e0_0 .net "up_vlds", 3 0, L_000002495293d4c0;  alias, 1 drivers
E_00000249528e52a0 .event posedge, v00000249528dcfe0_0, v00000249528dd080_0;
E_00000249528e50e0/0 .event anyedge, v00000249528dd940_0, v00000249528dd6c0_0, v00000249528de840_0, v00000249528de8e0_0;
E_00000249528e50e0/1 .event anyedge, v00000249528dd9e0_0;
E_00000249528e50e0 .event/or E_00000249528e50e0/0, E_00000249528e50e0/1;
S_00000249528967b0 .scope generate, "input_generator[0]" "input_generator[0]" 4 129, 4 129 0, S_00000249528cd760;
 .timescale 0 0;
P_00000249528e5be0 .param/l "i" 0 4 129, +C4<00>;
S_0000024952896940 .scope module, "r_delay" "delay_data_model" 4 131, 6 10 0, S_00000249528967b0;
 .timescale 0 0;
    .port_info 0 /INPUT 1 "clk";
    .port_info 1 /INPUT 1 "rst";
    .port_info 2 /INPUT 1 "vld_in";
    .port_info 3 /INPUT 2 "out_delay";
    .port_info 4 /INPUT 16 "data_in";
    .port_info 5 /OUTPUT 1 "vld_out";
    .port_info 6 /OUTPUT 16 "data_out";
P_0000024952853100 .param/l "delay_width" 0 6 14, +C4<00000000000000000000000000000010>;
P_0000024952853138 .param/l "n_inputs" 0 6 13, +C4<00000000000000000000000000000100>;
P_0000024952853170 .param/l "width" 0 6 12, +C4<00000000000000000000000000010000>;
v00000249528ddbc0_0 .net *"_ivl_15", 0 0, L_000002495293eb40;  1 drivers
v00000249528ddc60_0 .net *"_ivl_2", 0 0, L_000002495293d420;  1 drivers
v00000249528ddd00_0 .net "clk", 0 0, v000002495295be70_0;  alias, 1 drivers
v00000249528de980_0 .net "data_in", 15 0, v000002495295a110_0;  1 drivers
v00000249528deac0_0 .var "data_lock", 15 0;
v00000249528de160_0 .var "data_out", 15 0;
v00000249528de2a0_0 .var "delay", 1 0;
v00000249528dde40_0 .net "out_delay", 1 0, L_000002495293d2e0;  1 drivers
v00000249528de340_0 .var "ready", 0 0;
v00000249528de700_0 .net "rst", 0 0, v000002495295b150_0;  alias, 1 drivers
v00000249528de7a0_0 .net "vld_in", 0 0, L_000002495293e000;  1 drivers
v00000249528deb60_0 .var "vld_out", 0 0;
E_00000249528e5860 .event posedge, v00000249528dd080_0;
E_00000249528e5c60 .event anyedge, L_000002495293eb40;
E_00000249528e5560 .event anyedge, L_000002495293d420;
E_00000249528e52e0 .event "delay_done";
L_000002495293d420 .reduce/nor v000002495295b150_0;
L_000002495293eb40 .reduce/nor v000002495295b150_0;
S_0000024952895e40 .scope generate, "input_generator[1]" "input_generator[1]" 4 129, 4 129 0, S_00000249528cd760;
 .timescale 0 0;
P_00000249528e54e0 .param/l "i" 0 4 129, +C4<01>;
S_0000024952895fd0 .scope module, "r_delay" "delay_data_model" 4 131, 6 10 0, S_0000024952895e40;
 .timescale 0 0;
    .port_info 0 /INPUT 1 "clk";
    .port_info 1 /INPUT 1 "rst";
    .port_info 2 /INPUT 1 "vld_in";
    .port_info 3 /INPUT 2 "out_delay";
    .port_info 4 /INPUT 16 "data_in";
    .port_info 5 /OUTPUT 1 "vld_out";
    .port_info 6 /OUTPUT 16 "data_out";
P_00000249528cdfd0 .param/l "delay_width" 0 6 14, +C4<00000000000000000000000000000010>;
P_00000249528ce008 .param/l "n_inputs" 0 6 13, +C4<00000000000000000000000000000100>;
P_00000249528ce040 .param/l "width" 0 6 12, +C4<00000000000000000000000000010000>;
v00000249528dec00_0 .net *"_ivl_15", 0 0, L_000002495293e460;  1 drivers
v00000249528deca0_0 .net *"_ivl_2", 0 0, L_000002495293de20;  1 drivers
v00000249528d3190_0 .net "clk", 0 0, v000002495295be70_0;  alias, 1 drivers
v00000249528d2f10_0 .net "data_in", 15 0, v000002495295a110_0;  alias, 1 drivers
v00000249528d39b0_0 .var "data_lock", 15 0;
v00000249528d2fb0_0 .var "data_out", 15 0;
v00000249528d32d0_0 .var "delay", 1 0;
v00000249528d3af0_0 .net "out_delay", 1 0, L_000002495293db00;  1 drivers
v00000249528d2d30_0 .var "ready", 0 0;
v00000249528d3910_0 .net "rst", 0 0, v000002495295b150_0;  alias, 1 drivers
v00000249528d3370_0 .net "vld_in", 0 0, L_000002495293d880;  1 drivers
v00000249528d3410_0 .var "vld_out", 0 0;
E_00000249528e55a0 .event anyedge, L_000002495293e460;
E_00000249528e55e0 .event anyedge, L_000002495293de20;
E_00000249528e56e0 .event "delay_done";
L_000002495293de20 .reduce/nor v000002495295b150_0;
L_000002495293e460 .reduce/nor v000002495295b150_0;
S_000002495288d330 .scope generate, "input_generator[2]" "input_generator[2]" 4 129, 4 129 0, S_00000249528cd760;
 .timescale 0 0;
P_00000249528e5520 .param/l "i" 0 4 129, +C4<010>;
S_000002495288d4c0 .scope module, "r_delay" "delay_data_model" 4 131, 6 10 0, S_000002495288d330;
 .timescale 0 0;
    .port_info 0 /INPUT 1 "clk";
    .port_info 1 /INPUT 1 "rst";
    .port_info 2 /INPUT 1 "vld_in";
    .port_info 3 /INPUT 2 "out_delay";
    .port_info 4 /INPUT 16 "data_in";
    .port_info 5 /OUTPUT 1 "vld_out";
    .port_info 6 /OUTPUT 16 "data_out";
P_00000249528ef780 .param/l "delay_width" 0 6 14, +C4<00000000000000000000000000000010>;
P_00000249528ef7b8 .param/l "n_inputs" 0 6 13, +C4<00000000000000000000000000000100>;
P_00000249528ef7f0 .param/l "width" 0 6 12, +C4<00000000000000000000000000010000>;
v00000249528d34b0_0 .net *"_ivl_15", 0 0, L_000002495293e0a0;  1 drivers
v00000249528d3550_0 .net *"_ivl_2", 0 0, L_000002495293d600;  1 drivers
v00000249528d3690_0 .net "clk", 0 0, v000002495295be70_0;  alias, 1 drivers
v00000249528d3730_0 .net "data_in", 15 0, v000002495295a110_0;  alias, 1 drivers
v000002495295a6b0_0 .var "data_lock", 15 0;
v000002495295bd30_0 .var "data_out", 15 0;
v000002495295ab10_0 .var "delay", 1 0;
v000002495295a750_0 .net "out_delay", 1 0, L_000002495293d6a0;  1 drivers
v000002495295b510_0 .var "ready", 0 0;
v000002495295bc90_0 .net "rst", 0 0, v000002495295b150_0;  alias, 1 drivers
v000002495295b330_0 .net "vld_in", 0 0, L_000002495293e140;  1 drivers
v000002495295a7f0_0 .var "vld_out", 0 0;
E_00000249528e5960 .event anyedge, L_000002495293e0a0;
E_00000249528e2da0 .event anyedge, L_000002495293d600;
E_00000249528e3b60 .event "delay_done";
L_000002495293d600 .reduce/nor v000002495295b150_0;
L_000002495293e0a0 .reduce/nor v000002495295b150_0;
S_0000024952852b30 .scope generate, "input_generator[3]" "input_generator[3]" 4 129, 4 129 0, S_00000249528cd760;
 .timescale 0 0;
P_00000249528b1880 .param/l "i" 0 4 129, +C4<011>;
S_0000024952852cc0 .scope module, "r_delay" "delay_data_model" 4 131, 6 10 0, S_0000024952852b30;
 .timescale 0 0;
    .port_info 0 /INPUT 1 "clk";
    .port_info 1 /INPUT 1 "rst";
    .port_info 2 /INPUT 1 "vld_in";
    .port_info 3 /INPUT 2 "out_delay";
    .port_info 4 /INPUT 16 "data_in";
    .port_info 5 /OUTPUT 1 "vld_out";
    .port_info 6 /OUTPUT 16 "data_out";
P_000002495288d650 .param/l "delay_width" 0 6 14, +C4<00000000000000000000000000000010>;
P_000002495288d688 .param/l "n_inputs" 0 6 13, +C4<00000000000000000000000000000100>;
P_000002495288d6c0 .param/l "width" 0 6 12, +C4<00000000000000000000000000010000>;
v000002495295abb0_0 .net *"_ivl_15", 0 0, L_000002495293e5a0;  1 drivers
v000002495295a4d0_0 .net *"_ivl_2", 0 0, L_000002495293e500;  1 drivers
v000002495295aa70_0 .net "clk", 0 0, v000002495295be70_0;  alias, 1 drivers
v000002495295b3d0_0 .net "data_in", 15 0, v000002495295a110_0;  alias, 1 drivers
v000002495295a070_0 .var "data_lock", 15 0;
v000002495295aed0_0 .var "data_out", 15 0;
v000002495295b6f0_0 .var "delay", 1 0;
v000002495295b290_0 .net "out_delay", 1 0, L_000002495293ebe0;  1 drivers
v000002495295a250_0 .var "ready", 0 0;
v000002495295b970_0 .net "rst", 0 0, v000002495295b150_0;  alias, 1 drivers
v000002495295bf10_0 .net "vld_in", 0 0, L_000002495293d740;  1 drivers
v000002495295ac50_0 .var "vld_out", 0 0;
E_00000249528b1000 .event anyedge, L_000002495293e5a0;
E_00000249528b12c0 .event anyedge, L_000002495293e500;
E_00000249528b18c0 .event "delay_done";
L_000002495293e500 .reduce/nor v000002495295b150_0;
L_000002495293e5a0 .reduce/nor v000002495295b150_0;
S_0000024952852e50 .scope task, "reset" "reset" 4 39, 4 39 0, S_00000249528cd760;
 .timescale 0 0;
TD_testbench.tb_1.reset ;
    %pushi/vec4 1, 1, 1;
    %assign/vec4 v000002495295b150_0, 0;
    %pushi/vec4 3, 0, 32;
T_0.0 %dup/vec4;
    %pushi/vec4 0, 0, 32;
    %cmp/s;
    %jmp/1xz T_0.1, 5;
    %jmp/1 T_0.1, 4;
    %pushi/vec4 1, 0, 32;
    %sub;
    %wait E_00000249528e5860;
    %jmp T_0.0;
T_0.1 ;
    %pop/vec4 1;
    %pushi/vec4 1, 0, 1;
    %assign/vec4 v000002495295b150_0, 0;
    %pushi/vec4 3, 0, 32;
T_0.2 %dup/vec4;
    %pushi/vec4 0, 0, 32;
    %cmp/s;
    %jmp/1xz T_0.3, 5;
    %jmp/1 T_0.3, 4;
    %pushi/vec4 1, 0, 32;
    %sub;
    %wait E_00000249528e5860;
    %jmp T_0.2;
T_0.3 ;
    %pop/vec4 1;
    %pushi/vec4 0, 0, 1;
    %assign/vec4 v000002495295b150_0, 0;
    %end;
S_000002495295c030 .scope module, "tb_2" "testbench_2" 3 4, 7 3 0, S_00000249528ef5f0;
 .timescale 0 0;
P_000002495293c780 .param/l "TIMEOUT" 1 7 219, +C4<00000000000000000010011100010000>;
P_000002495293c7b8 .param/l "latency_width" 1 7 103, +C4<00000000000000000000000000000100>;
P_000002495293c7f0 .param/l "max_latency" 1 7 104, C4<1010>;
P_000002495293c828 .param/l "max_ptr" 1 7 101, C4<1001>;
P_000002495293c860 .param/l "n_inputs" 1 7 38, +C4<00000000000000000000000000001010>;
P_000002495293c898 .param/l "ptr_width" 1 7 100, +C4<00000000000000000000000000000100>;
P_000002495293c8d0 .param/l "width" 1 7 38, +C4<00000000000000000000000000001000>;
v000002495293dec0_0 .var "clk", 0 0;
v000002495293d7e0_0 .var/2u "counter", 31 0;
v000002495293d060_0 .var/2u "cycle", 31 0;
v000002495293dce0_0 .net "down_data", 7 0, L_00000249528e8330;  1 drivers
v000002495293e960_0 .var "down_data_expected", 7 0;
v000002495293d560_0 .net "down_vld", 0 0, L_00000249528e8d40;  1 drivers
v000002495293d100_0 .var "pending", 9 0;
v000002495293cfc0_0 .var "pending_data", 79 0;
v000002495293dd80_0 .var "pending_data_for_log", 79 0;
v000002495293d240_0 .var "pending_for_log", 9 0;
v000002495293ec80_0 .var "pending_latency", 39 0;
v000002495293ee60_0 .var "ptr", 3 0;
v000002495293ea00_0 .var/queue "queue", 8;
v000002495293e1e0_0 .var "rst", 0 0;
v000002495293e320_0 .var "up_data", 79 0;
v000002495293eaa0_0 .var "up_vlds", 9 0;
v000002495293d1a0_0 .var/2u "was_reset", 0 0;
S_000002495293c5f0 .scope begin, "$ivl_for_loop5" "$ivl_for_loop5" 7 188, 7 188 0, S_000002495295c030;
 .timescale 0 0;
v000002495295a2f0_0 .var/2s "i", 31 0;
S_000002495293c910 .scope begin, "$ivl_for_loop6" "$ivl_for_loop6" 7 198, 7 198 0, S_000002495295c030;
 .timescale 0 0;
v000002495295a390_0 .var/2s "i", 31 0;
S_000002495293caa0 .scope module, "i_put_in_order" "put_in_order" 7 53, 5 1 0, S_000002495295c030;
 .timescale 0 0;
    .port_info 0 /INPUT 1 "clk";
    .port_info 1 /INPUT 1 "rst";
    .port_info 2 /INPUT 10 "up_vlds";
    .port_info 3 /INPUT 80 "up_data";
    .port_info 4 /OUTPUT 1 "down_vld";
    .port_info 5 /OUTPUT 8 "down_data";
P_0000024952837da0 .param/l "n_inputs" 0 5 4, +C4<00000000000000000000000000001010>;
P_0000024952837dd8 .param/l "width" 0 5 3, +C4<00000000000000000000000000001000>;
L_00000249528e8d40 .functor BUFZ 1, v000002495295b830_0, C4<0>, C4<0>, C4<0>;
L_00000249528e8330 .functor BUFZ 8, v000002495295b790_0, C4<00000000>, C4<00000000>, C4<00000000>;
v000002495295a890_0 .net "clk", 0 0, v000002495293dec0_0;  1 drivers
v000002495295a430_0 .var "data", 3 0;
v000002495295b010_0 .var "data_next", 3 0;
v000002495295b0b0_0 .var "data_reg", 79 0;
v000002495295b5b0_0 .var "data_reg_next", 79 0;
v000002495295b650_0 .net "down_data", 7 0, L_00000249528e8330;  alias, 1 drivers
v000002495295b790_0 .var "down_data_reg", 7 0;
v000002495295bab0_0 .net "down_vld", 0 0, L_00000249528e8d40;  alias, 1 drivers
v000002495295b830_0 .var "down_vld_reg", 0 0;
v000002495295bb50_0 .var "flag", 9 0;
v000002495295b8d0_0 .var "flag_next", 9 0;
v000002495295bbf0_0 .var/i "i", 31 0;
v000002495293e280_0 .net "rst", 0 0, v000002495293e1e0_0;  1 drivers
v000002495293dc40_0 .net "up_data", 79 0, v000002495293e320_0;  1 drivers
v000002495293e3c0_0 .net "up_vlds", 9 0, v000002495293eaa0_0;  1 drivers
E_00000249528b1540 .event posedge, v000002495293e280_0, v000002495295a890_0;
E_00000249528b0d80/0 .event anyedge, v000002495295bb50_0, v000002495295b0b0_0, v000002495295a430_0, v000002495293e3c0_0;
E_00000249528b0d80/1 .event anyedge, v000002495293dc40_0;
E_00000249528b0d80 .event/or E_00000249528b0d80/0, E_00000249528b0d80/1;
S_000002495293c140 .scope task, "receive" "receive" 7 60, 7 60 0, S_000002495295c030;
 .timescale 0 0;
E_00000249528b0ec0 .event posedge, v000002495295a890_0;
TD_testbench.tb_2.receive ;
T_1.4 ;
    %wait E_00000249528b0ec0;
    %load/vec4 v000002495293d560_0;
    %flag_set/vec4 8;
    %jmp/0xz  T_1.5, 8;
    %vpi_func 7 68 "$size" 32, v000002495293ea00_0 {0 0 0};
    %cmpi/e 0, 0, 32;
    %jmp/0xz  T_1.7, 4;
    %vpi_call/w 7 70 "$display", "FAIL %s", "06_07_put_in_order/testbench_2.sv" {0 0 0};
    %vpi_func 7 73 "$size" 32, v000002495293ea00_0 {0 0 0};
    %vpi_func/s 7 73 "$sformatf", "queue.size ():%0d", S<0,vec4,s32> {1 0 0};
    %vpi_call/w 7 72 "$display", "++ TEST     => {%s}", S<0,str> {0 0 1};
    %vpi_call/w 7 75 "$finish", 32'sb00000000000000000000000000000001 {0 0 0};
    %jmp T_1.8;
T_1.7 ;
    %qpop/f/v v000002495293ea00_0, 8;
    %store/vec4 v000002495293e960_0, 0, 8;
    %load/vec4 v000002495293dce0_0;
    %load/vec4 v000002495293e960_0;
    %cmp/ne;
    %jmp/0xz  T_1.9, 6;
    %vpi_call/w 7 83 "$display", "FAIL %s", "06_07_put_in_order/testbench_2.sv" {0 0 0};
    %vpi_func/s 7 86 "$sformatf", "down_data:%h", v000002495293dce0_0 {0 0 0};
    %vpi_func/s 7 86 "$sformatf", "down_data_expected:%h", v000002495293e960_0 {0 0 0};
    %vpi_call/w 7 85 "$display", "++ TEST     => {%s, %s}", S<1,str>, S<0,str> {0 0 2};
    %vpi_call/w 7 88 "$finish", 32'sb00000000000000000000000000000001 {0 0 0};
T_1.9 ;
T_1.8 ;
T_1.5 ;
    %jmp T_1.4;
    %end;
S_000002495293cc30 .scope task, "run" "run" 7 221, 7 221 0, S_000002495295c030;
 .timescale 0 0;
E_00000249528b1340 .event negedge, v000002495293e280_0;
TD_testbench.tb_2.run ;
    %wait E_00000249528b1340;
    %fork t_1, S_000002495293cc30;
    %fork t_2, S_000002495293cc30;
    %fork t_3, S_000002495293cc30;
    %join;
    %join/detach 2;
    %jmp t_0;
t_1 ;
    %pushi/vec4 1000, 0, 32;
    %store/vec4 v000002495293d380_0, 0, 32;
    %fork TD_testbench.tb_2.send, S_000002495293cdc0;
    %join;
    %end;
t_2 ;
    %fork TD_testbench.tb_2.receive, S_000002495293c140;
    %join;
    %end;
t_3 ;
    %pushi/vec4 10000, 0, 32;
T_2.11 %dup/vec4;
    %pushi/vec4 0, 0, 32;
    %cmp/s;
    %jmp/1xz T_2.12, 5;
    %jmp/1 T_2.12, 4;
    %pushi/vec4 1, 0, 32;
    %sub;
    %wait E_00000249528b0ec0;
    %jmp T_2.11;
T_2.12 ;
    %pop/vec4 1;
    %vpi_call/w 7 238 "$display", "FAIL: timeout!" {0 0 0};
    %vpi_call/w 7 239 "$finish", 32'sb00000000000000000000000000000001 {0 0 0};
    %end;
    .scope S_000002495293cc30;
t_0 ;
    %vpi_call/w 7 243 "$display", "\012PASS %s", "06_07_put_in_order/testbench_2.sv" {0 0 0};
    %end;
S_000002495293cdc0 .scope task, "send" "send" 7 115, 7 115 0, S_000002495295c030;
 .timescale 0 0;
v000002495293d380_0 .var/2s "n_reps", 31 0;
TD_testbench.tb_2.send ;
    %pushi/vec4 0, 0, 4;
    %store/vec4 v000002495293ee60_0, 0, 4;
    %pushi/vec4 0, 0, 10;
    %store/vec4 v000002495293d100_0, 0, 10;
    %fork t_5, S_000002495293bfb0;
    %jmp t_4;
    .scope S_000002495293bfb0;
t_5 ;
    %pushi/vec4 0, 0, 32;
    %store/vec4 v000002495293dba0_0, 0, 32;
T_3.13 ;
    %load/vec4 v000002495293dba0_0;
    %load/vec4 v000002495293d380_0;
    %cmp/s;
    %jmp/1 T_3.15, 5;
    %flag_mov 8, 5;
    %load/vec4 v000002495293d100_0;
    %cmpi/ne 0, 0, 10;
    %flag_or 4, 8;
    %flag_mov 5, 4;
T_3.15;
    %jmp/0xz T_3.14, 5;
    %fork t_7, S_000002495293c2d0;
    %jmp t_6;
    .scope S_000002495293c2d0;
t_7 ;
    %pushi/vec4 0, 0, 32;
    %store/vec4 v000002495293e8c0_0, 0, 32;
T_3.16 ;
    %load/vec4 v000002495293e8c0_0;
    %cmpi/s 10, 0, 32;
    %jmp/0xz T_3.17, 5;
    %load/vec4 v000002495293ec80_0;
    %load/vec4 v000002495293e8c0_0;
    %pad/s 34;
    %muli 4, 0, 34;
    %part/s 4;
    %pad/u 32;
    %cmpi/u 0, 0, 32;
    %flag_or 5, 4; GT is !LE
    %flag_inv 5;
    %jmp/0xz  T_3.18, 5;
    ; show_stmt_assign_vector: Get l-value for compressed -= operand
    %load/vec4 v000002495293ec80_0;
    %load/vec4 v000002495293e8c0_0;
    %pad/s 34;
    %muli 4, 0, 34;
    %dup/vec4;
    %ix/vec4 4;
    %flag_mov 8, 4;
    %part/u 4;
    %pushi/vec4 1, 0, 4;
    %sub;
    %flag_mov 4, 8;
    %store/vec4 v000002495293ec80_0, 4, 4;
T_3.18 ;
    ; show_stmt_assign_vector: Get l-value for compressed += operand
    %load/vec4 v000002495293e8c0_0;
    %pushi/vec4 1, 0, 32;
    %add;
    %cast2;
    %store/vec4 v000002495293e8c0_0, 0, 32;
    %jmp T_3.16;
T_3.17 ;
    %end;
    .scope S_000002495293bfb0;
t_6 %join;
    %vpi_func 7 128 "$urandom_range" 32, 32'sb00000000000000000000000000000000, 32'sb00000000000000000000000001100100 {0 0 0};
    %cmpi/u 80, 0, 32;
    %jmp/0xz  T_3.20, 5;
    %load/vec4 v000002495293d100_0;
    %load/vec4 v000002495293ee60_0;
    %part/u 1;
    %inv;
    %flag_set/vec4 8;
    %jmp/0xz  T_3.22, 8;
    %jmp T_3.23;
T_3.22 ;
    %vpi_call/w 7 130 "$error" {0 0 0};
T_3.23 ;
    %pushi/vec4 1, 0, 1;
    %ix/getv 4, v000002495293ee60_0;
    %store/vec4 v000002495293d100_0, 4, 1;
    %load/vec4 v000002495293d7e0_0;
    %cmpi/u 30, 0, 32;
    %jmp/0xz  T_3.24, 5;
    %load/vec4 v000002495293d7e0_0;
    %dup/vec4;
    %pushi/vec4 1, 0, 32;
    %add;
    %store/vec4 v000002495293d7e0_0, 0, 32;
    %pad/u 8;
    %load/vec4 v000002495293ee60_0;
    %pad/u 7;
    %muli 8, 0, 7;
    %ix/vec4 4;
    %store/vec4 v000002495293cfc0_0, 4, 8;
    %jmp T_3.25;
T_3.24 ;
    %vpi_func 7 137 "$urandom" 32 {0 0 0};
    %pad/u 8;
    %load/vec4 v000002495293ee60_0;
    %pad/u 7;
    %muli 8, 0, 7;
    %ix/vec4 4;
    %store/vec4 v000002495293cfc0_0, 4, 8;
T_3.25 ;
    %vpi_func 7 139 "$urandom_range" 32, 32'sb00000000000000000000000000000000, 32'b00000000000000000000000000001001 {0 0 0};
    %pad/u 4;
    %load/vec4 v000002495293ee60_0;
    %pad/u 6;
    %muli 4, 0, 6;
    %ix/vec4 4;
    %store/vec4 v000002495293ec80_0, 4, 4;
    %ix/load 4, 0, 0;
    %load/vec4 v000002495293cfc0_0;
    %load/vec4 v000002495293ee60_0;
    %pad/u 7;
    %muli 8, 0, 7;
    %part/u 8;
    %store/qb/v v000002495293ea00_0, 4, 8;
    %load/vec4 v000002495293ee60_0;
    %cmpi/e 9, 0, 4;
    %jmp/0xz  T_3.26, 4;
    %pushi/vec4 0, 0, 4;
    %store/vec4 v000002495293ee60_0, 0, 4;
    %jmp T_3.27;
T_3.26 ;
    ; show_stmt_assign_vector: Get l-value for compressed += operand
    %load/vec4 v000002495293ee60_0;
    %pushi/vec4 1, 0, 4;
    %add;
    %store/vec4 v000002495293ee60_0, 0, 4;
T_3.27 ;
T_3.20 ;
    %pushi/vec4 0, 0, 10;
    %assign/vec4 v000002495293eaa0_0, 0;
    %pushi/vec4 4294967295, 4294967295, 32;
    %concati/vec4 4294967295, 4294967295, 32;
    %concati/vec4 65535, 65535, 16;
    %assign/vec4 v000002495293e320_0, 0;
    %fork t_9, S_000002495293c460;
    %jmp t_8;
    .scope S_000002495293c460;
t_9 ;
    %pushi/vec4 0, 0, 32;
    %store/vec4 v000002495293df60_0, 0, 32;
T_3.28 ;
    %load/vec4 v000002495293df60_0;
    %cmpi/s 10, 0, 32;
    %jmp/0xz T_3.29, 5;
    %load/vec4 v000002495293d100_0;
    %load/vec4 v000002495293df60_0;
    %part/s 1;
    %flag_set/vec4 9;
    %flag_get/vec4 9;
    %jmp/0 T_3.32, 9;
    %load/vec4 v000002495293ec80_0;
    %load/vec4 v000002495293df60_0;
    %pad/s 34;
    %muli 4, 0, 34;
    %part/s 4;
    %pad/u 32;
    %pushi/vec4 0, 0, 32;
    %cmp/e;
    %flag_get/vec4 4;
    %and;
T_3.32;
    %flag_set/vec4 8;
    %jmp/0xz  T_3.30, 8;
    %pushi/vec4 0, 0, 1;
    %ix/getv/s 4, v000002495293df60_0;
    %store/vec4 v000002495293d100_0, 4, 1;
    %pushi/vec4 1, 0, 1;
    %ix/load 5, 0, 0;
    %ix/getv/s 4, v000002495293df60_0;
    %assign/vec4/off/d v000002495293eaa0_0, 4, 5;
    %load/vec4 v000002495293cfc0_0;
    %load/vec4 v000002495293df60_0;
    %pad/s 35;
    %muli 8, 0, 35;
    %part/s 8;
    %ix/load 5, 0, 0;
    %load/vec4 v000002495293df60_0;
    %pad/s 35;
    %muli 8, 0, 35;
    %ix/vec4/s 4;
    %assign/vec4/off/d v000002495293e320_0, 4, 5;
T_3.30 ;
    ; show_stmt_assign_vector: Get l-value for compressed += operand
    %load/vec4 v000002495293df60_0;
    %pushi/vec4 1, 0, 32;
    %add;
    %cast2;
    %store/vec4 v000002495293df60_0, 0, 32;
    %jmp T_3.28;
T_3.29 ;
    %end;
    .scope S_000002495293bfb0;
t_8 %join;
    %load/vec4 v000002495293d100_0;
    %assign/vec4 v000002495293d240_0, 0;
    %load/vec4 v000002495293cfc0_0;
    %assign/vec4 v000002495293dd80_0, 0;
    %wait E_00000249528b0ec0;
    ; show_stmt_assign_vector: Get l-value for compressed += operand
    %load/vec4 v000002495293dba0_0;
    %pushi/vec4 1, 0, 32;
    %add;
    %cast2;
    %store/vec4 v000002495293dba0_0, 0, 32;
    %jmp T_3.13;
T_3.14 ;
    %end;
    .scope S_000002495293cdc0;
t_4 %join;
    %pushi/vec4 0, 0, 10;
    %assign/vec4 v000002495293eaa0_0, 0;
    %pushi/vec4 4294967295, 4294967295, 32;
    %concati/vec4 4294967295, 4294967295, 32;
    %concati/vec4 65535, 65535, 16;
    %assign/vec4 v000002495293e320_0, 0;
    %pushi/vec4 10, 0, 32;
T_3.33 %dup/vec4;
    %pushi/vec4 0, 0, 32;
    %cmp/s;
    %jmp/1xz T_3.34, 5;
    %jmp/1 T_3.34, 4;
    %pushi/vec4 1, 0, 32;
    %sub;
    %wait E_00000249528b0ec0;
    %jmp T_3.33;
T_3.34 ;
    %pop/vec4 1;
    %end;
S_000002495293bfb0 .scope begin, "$ivl_for_loop2" "$ivl_for_loop2" 7 120, 7 120 0, S_000002495293cdc0;
 .timescale 0 0;
v000002495293dba0_0 .var/2s "rep", 31 0;
S_000002495293c2d0 .scope begin, "$ivl_for_loop3" "$ivl_for_loop3" 7 122, 7 122 0, S_000002495293bfb0;
 .timescale 0 0;
v000002495293e8c0_0 .var/2s "i", 31 0;
S_000002495293c460 .scope begin, "$ivl_for_loop4" "$ivl_for_loop4" 7 151, 7 151 0, S_000002495293bfb0;
 .timescale 0 0;
v000002495293df60_0 .var/2s "i", 31 0;
    .scope S_0000024952896940;
T_4 ;
    %pushi/vec4 0, 0, 16;
    %assign/vec4 v00000249528deac0_0, 0;
    %pushi/vec4 0, 0, 2;
    %assign/vec4 v00000249528de2a0_0, 0;
    %pushi/vec4 1, 0, 1;
    %assign/vec4 v00000249528de340_0, 0;
    %wait E_00000249528e5560;
T_4.0 ;
T_4.1 ;
    %load/vec4 v00000249528de7a0_0;
    %inv;
    %flag_set/vec4 8;
    %jmp/0xz T_4.2, 8;
    %wait E_00000249528e5860;
    %jmp T_4.1;
T_4.2 ;
    %pushi/vec4 0, 0, 1;
    %assign/vec4 v00000249528de340_0, 0;
    %load/vec4 v00000249528de980_0;
    %assign/vec4 v00000249528deac0_0, 0;
    %load/vec4 v00000249528dde40_0;
    %assign/vec4 v00000249528de2a0_0, 0;
    %load/vec4 v00000249528de2a0_0;
    %pad/u 32;
T_4.3 %dup/vec4;
    %pushi/vec4 0, 0, 32;
    %cmp/u;
    %jmp/1 T_4.4, 4;
    %pushi/vec4 1, 0, 32;
    %sub;
    %wait E_00000249528e5860;
    %jmp T_4.3;
T_4.4 ;
    %pop/vec4 1;
    %pushi/vec4 1, 0, 1;
    %assign/vec4 v00000249528de340_0, 0;
    %wait E_00000249528e5860;
    %event E_00000249528e52e0;
    %jmp T_4.0;
    %end;
    .thread T_4;
    .scope S_0000024952896940;
T_5 ;
    %pushi/vec4 0, 0, 1;
    %assign/vec4 v00000249528deb60_0, 0;
    %pushi/vec4 0, 0, 16;
    %assign/vec4 v00000249528de160_0, 0;
    %wait E_00000249528e5c60;
T_5.0 ;
    %wait E_00000249528e52e0;
    %pushi/vec4 1, 0, 1;
    %assign/vec4 v00000249528deb60_0, 0;
    %load/vec4 v00000249528deac0_0;
    %assign/vec4 v00000249528de160_0, 0;
    %wait E_00000249528e5860;
    %pushi/vec4 0, 0, 1;
    %assign/vec4 v00000249528deb60_0, 0;
    %jmp T_5.0;
    %end;
    .thread T_5;
    .scope S_0000024952896940;
T_6 ;
T_6.0 ;
    %wait E_00000249528e5860;
    %load/vec4 v00000249528de7a0_0;
    %flag_set/vec4 9;
    %flag_get/vec4 9;
    %jmp/0 T_6.3, 9;
    %load/vec4 v00000249528de340_0;
    %nor/r;
    %and;
T_6.3;
    %flag_set/vec4 8;
    %jmp/0xz  T_6.1, 8;
    %vpi_call/w 6 78 "$warning", "Repeated vld_in when block in process. Current vld_in will be ignored. Time: ", $realtime {0 0 0};
T_6.1 ;
    %jmp T_6.0;
    %end;
    .thread T_6;
    .scope S_0000024952895fd0;
T_7 ;
    %pushi/vec4 0, 0, 16;
    %assign/vec4 v00000249528d39b0_0, 0;
    %pushi/vec4 0, 0, 2;
    %assign/vec4 v00000249528d32d0_0, 0;
    %pushi/vec4 1, 0, 1;
    %assign/vec4 v00000249528d2d30_0, 0;
    %wait E_00000249528e55e0;
T_7.0 ;
T_7.1 ;
    %load/vec4 v00000249528d3370_0;
    %inv;
    %flag_set/vec4 8;
    %jmp/0xz T_7.2, 8;
    %wait E_00000249528e5860;
    %jmp T_7.1;
T_7.2 ;
    %pushi/vec4 0, 0, 1;
    %assign/vec4 v00000249528d2d30_0, 0;
    %load/vec4 v00000249528d2f10_0;
    %assign/vec4 v00000249528d39b0_0, 0;
    %load/vec4 v00000249528d3af0_0;
    %assign/vec4 v00000249528d32d0_0, 0;
    %load/vec4 v00000249528d32d0_0;
    %pad/u 32;
T_7.3 %dup/vec4;
    %pushi/vec4 0, 0, 32;
    %cmp/u;
    %jmp/1 T_7.4, 4;
    %pushi/vec4 1, 0, 32;
    %sub;
    %wait E_00000249528e5860;
    %jmp T_7.3;
T_7.4 ;
    %pop/vec4 1;
    %pushi/vec4 1, 0, 1;
    %assign/vec4 v00000249528d2d30_0, 0;
    %wait E_00000249528e5860;
    %event E_00000249528e56e0;
    %jmp T_7.0;
    %end;
    .thread T_7;
    .scope S_0000024952895fd0;
T_8 ;
    %pushi/vec4 0, 0, 1;
    %assign/vec4 v00000249528d3410_0, 0;
    %pushi/vec4 0, 0, 16;
    %assign/vec4 v00000249528d2fb0_0, 0;
    %wait E_00000249528e55a0;
T_8.0 ;
    %wait E_00000249528e56e0;
    %pushi/vec4 1, 0, 1;
    %assign/vec4 v00000249528d3410_0, 0;
    %load/vec4 v00000249528d39b0_0;
    %assign/vec4 v00000249528d2fb0_0, 0;
    %wait E_00000249528e5860;
    %pushi/vec4 0, 0, 1;
    %assign/vec4 v00000249528d3410_0, 0;
    %jmp T_8.0;
    %end;
    .thread T_8;
    .scope S_0000024952895fd0;
T_9 ;
T_9.0 ;
    %wait E_00000249528e5860;
    %load/vec4 v00000249528d3370_0;
    %flag_set/vec4 9;
    %flag_get/vec4 9;
    %jmp/0 T_9.3, 9;
    %load/vec4 v00000249528d2d30_0;
    %nor/r;
    %and;
T_9.3;
    %flag_set/vec4 8;
    %jmp/0xz  T_9.1, 8;
    %vpi_call/w 6 78 "$warning", "Repeated vld_in when block in process. Current vld_in will be ignored. Time: ", $realtime {0 0 0};
T_9.1 ;
    %jmp T_9.0;
    %end;
    .thread T_9;
    .scope S_000002495288d4c0;
T_10 ;
    %pushi/vec4 0, 0, 16;
    %assign/vec4 v000002495295a6b0_0, 0;
    %pushi/vec4 0, 0, 2;
    %assign/vec4 v000002495295ab10_0, 0;
    %pushi/vec4 1, 0, 1;
    %assign/vec4 v000002495295b510_0, 0;
    %wait E_00000249528e2da0;
T_10.0 ;
T_10.1 ;
    %load/vec4 v000002495295b330_0;
    %inv;
    %flag_set/vec4 8;
    %jmp/0xz T_10.2, 8;
    %wait E_00000249528e5860;
    %jmp T_10.1;
T_10.2 ;
    %pushi/vec4 0, 0, 1;
    %assign/vec4 v000002495295b510_0, 0;
    %load/vec4 v00000249528d3730_0;
    %assign/vec4 v000002495295a6b0_0, 0;
    %load/vec4 v000002495295a750_0;
    %assign/vec4 v000002495295ab10_0, 0;
    %load/vec4 v000002495295ab10_0;
    %pad/u 32;
T_10.3 %dup/vec4;
    %pushi/vec4 0, 0, 32;
    %cmp/u;
    %jmp/1 T_10.4, 4;
    %pushi/vec4 1, 0, 32;
    %sub;
    %wait E_00000249528e5860;
    %jmp T_10.3;
T_10.4 ;
    %pop/vec4 1;
    %pushi/vec4 1, 0, 1;
    %assign/vec4 v000002495295b510_0, 0;
    %wait E_00000249528e5860;
    %event E_00000249528e3b60;
    %jmp T_10.0;
    %end;
    .thread T_10;
    .scope S_000002495288d4c0;
T_11 ;
    %pushi/vec4 0, 0, 1;
    %assign/vec4 v000002495295a7f0_0, 0;
    %pushi/vec4 0, 0, 16;
    %assign/vec4 v000002495295bd30_0, 0;
    %wait E_00000249528e5960;
T_11.0 ;
    %wait E_00000249528e3b60;
    %pushi/vec4 1, 0, 1;
    %assign/vec4 v000002495295a7f0_0, 0;
    %load/vec4 v000002495295a6b0_0;
    %assign/vec4 v000002495295bd30_0, 0;
    %wait E_00000249528e5860;
    %pushi/vec4 0, 0, 1;
    %assign/vec4 v000002495295a7f0_0, 0;
    %jmp T_11.0;
    %end;
    .thread T_11;
    .scope S_000002495288d4c0;
T_12 ;
T_12.0 ;
    %wait E_00000249528e5860;
    %load/vec4 v000002495295b330_0;
    %flag_set/vec4 9;
    %flag_get/vec4 9;
    %jmp/0 T_12.3, 9;
    %load/vec4 v000002495295b510_0;
    %nor/r;
    %and;
T_12.3;
    %flag_set/vec4 8;
    %jmp/0xz  T_12.1, 8;
    %vpi_call/w 6 78 "$warning", "Repeated vld_in when block in process. Current vld_in will be ignored. Time: ", $realtime {0 0 0};
T_12.1 ;
    %jmp T_12.0;
    %end;
    .thread T_12;
    .scope S_0000024952852cc0;
T_13 ;
    %pushi/vec4 0, 0, 16;
    %assign/vec4 v000002495295a070_0, 0;
    %pushi/vec4 0, 0, 2;
    %assign/vec4 v000002495295b6f0_0, 0;
    %pushi/vec4 1, 0, 1;
    %assign/vec4 v000002495295a250_0, 0;
    %wait E_00000249528b12c0;
T_13.0 ;
T_13.1 ;
    %load/vec4 v000002495295bf10_0;
    %inv;
    %flag_set/vec4 8;
    %jmp/0xz T_13.2, 8;
    %wait E_00000249528e5860;
    %jmp T_13.1;
T_13.2 ;
    %pushi/vec4 0, 0, 1;
    %assign/vec4 v000002495295a250_0, 0;
    %load/vec4 v000002495295b3d0_0;
    %assign/vec4 v000002495295a070_0, 0;
    %load/vec4 v000002495295b290_0;
    %assign/vec4 v000002495295b6f0_0, 0;
    %load/vec4 v000002495295b6f0_0;
    %pad/u 32;
T_13.3 %dup/vec4;
    %pushi/vec4 0, 0, 32;
    %cmp/u;
    %jmp/1 T_13.4, 4;
    %pushi/vec4 1, 0, 32;
    %sub;
    %wait E_00000249528e5860;
    %jmp T_13.3;
T_13.4 ;
    %pop/vec4 1;
    %pushi/vec4 1, 0, 1;
    %assign/vec4 v000002495295a250_0, 0;
    %wait E_00000249528e5860;
    %event E_00000249528b18c0;
    %jmp T_13.0;
    %end;
    .thread T_13;
    .scope S_0000024952852cc0;
T_14 ;
    %pushi/vec4 0, 0, 1;
    %assign/vec4 v000002495295ac50_0, 0;
    %pushi/vec4 0, 0, 16;
    %assign/vec4 v000002495295aed0_0, 0;
    %wait E_00000249528b1000;
T_14.0 ;
    %wait E_00000249528b18c0;
    %pushi/vec4 1, 0, 1;
    %assign/vec4 v000002495295ac50_0, 0;
    %load/vec4 v000002495295a070_0;
    %assign/vec4 v000002495295aed0_0, 0;
    %wait E_00000249528e5860;
    %pushi/vec4 0, 0, 1;
    %assign/vec4 v000002495295ac50_0, 0;
    %jmp T_14.0;
    %end;
    .thread T_14;
    .scope S_0000024952852cc0;
T_15 ;
T_15.0 ;
    %wait E_00000249528e5860;
    %load/vec4 v000002495295bf10_0;
    %flag_set/vec4 9;
    %flag_get/vec4 9;
    %jmp/0 T_15.3, 9;
    %load/vec4 v000002495295a250_0;
    %nor/r;
    %and;
T_15.3;
    %flag_set/vec4 8;
    %jmp/0xz  T_15.1, 8;
    %vpi_call/w 6 78 "$warning", "Repeated vld_in when block in process. Current vld_in will be ignored. Time: ", $realtime {0 0 0};
T_15.1 ;
    %jmp T_15.0;
    %end;
    .thread T_15;
    .scope S_00000249528ad900;
T_16 ;
Ewait_0 .event/or E_00000249528e50e0, E_0x0;
    %wait Ewait_0;
    %load/vec4 v00000249528dd940_0;
    %store/vec4 v00000249528de480_0, 0, 4;
    %load/vec4 v00000249528dd6c0_0;
    %store/vec4 v00000249528dd300_0, 0, 64;
    %load/vec4 v00000249528de840_0;
    %store/vec4 v00000249528ddf80_0, 0, 2;
    %pushi/vec4 0, 0, 1;
    %store/vec4 v00000249528dd8a0_0, 0, 1;
    %pushi/vec4 0, 0, 16;
    %store/vec4 v00000249528dd800_0, 0, 16;
    %pushi/vec4 0, 0, 32;
    %store/vec4 v00000249528de020_0, 0, 32;
T_16.0 ;
    %load/vec4 v00000249528de020_0;
    %cmpi/s 4, 0, 32;
    %jmp/0xz T_16.1, 5;
    %load/vec4 v00000249528de8e0_0;
    %load/vec4 v00000249528de020_0;
    %part/s 1;
    %flag_set/vec4 8;
    %jmp/0xz  T_16.2, 8;
    %pushi/vec4 1, 0, 1;
    %ix/getv/s 4, v00000249528de020_0;
    %store/vec4 v00000249528de480_0, 4, 1;
    %load/vec4 v00000249528dd9e0_0;
    %load/vec4 v00000249528de020_0;
    %pad/s 36;
    %muli 16, 0, 36;
    %part/s 16;
    %load/vec4 v00000249528de020_0;
    %pad/s 36;
    %muli 16, 0, 36;
    %ix/vec4/s 4;
    %store/vec4 v00000249528dd300_0, 4, 16;
T_16.2 ;
    ; show_stmt_assign_vector: Get l-value for compressed += operand
    %load/vec4 v00000249528de020_0;
    %pushi/vec4 1, 0, 32;
    %add;
    %store/vec4 v00000249528de020_0, 0, 32;
    %jmp T_16.0;
T_16.1 ;
    %load/vec4 v00000249528de480_0;
    %load/vec4 v00000249528de840_0;
    %part/u 1;
    %flag_set/vec4 8;
    %jmp/0xz  T_16.4, 8;
    %pushi/vec4 1, 0, 1;
    %store/vec4 v00000249528dd8a0_0, 0, 1;
    %load/vec4 v00000249528dd300_0;
    %load/vec4 v00000249528de840_0;
    %pad/u 6;
    %muli 16, 0, 6;
    %part/u 16;
    %store/vec4 v00000249528dd800_0, 0, 16;
    %pushi/vec4 0, 0, 1;
    %ix/getv 4, v00000249528de840_0;
    %store/vec4 v00000249528de480_0, 4, 1;
    %load/vec4 v00000249528de840_0;
    %pad/u 32;
    %cmpi/e 3, 0, 32;
    %flag_mov 8, 4;
    %jmp/0 T_16.6, 8;
    %pushi/vec4 0, 0, 2;
    %jmp/1 T_16.7, 8;
T_16.6 ; End of true expr.
    %load/vec4 v00000249528de840_0;
    %addi 1, 0, 2;
    %jmp/0 T_16.7, 8;
 ; End of false expr.
    %blend;
T_16.7;
    %store/vec4 v00000249528ddf80_0, 0, 2;
T_16.4 ;
    %jmp T_16;
    .thread T_16, $push;
    .scope S_00000249528ad900;
T_17 ;
    %wait E_00000249528e52a0;
    %load/vec4 v00000249528dcfe0_0;
    %flag_set/vec4 8;
    %jmp/0xz  T_17.0, 8;
    %pushi/vec4 0, 0, 2;
    %assign/vec4 v00000249528de840_0, 0;
    %pushi/vec4 0, 0, 4;
    %assign/vec4 v00000249528dd940_0, 0;
    %pushi/vec4 0, 0, 32;
    %store/vec4 v00000249528de020_0, 0, 32;
T_17.2 ;
    %load/vec4 v00000249528de020_0;
    %cmpi/s 4, 0, 32;
    %jmp/0xz T_17.3, 5;
    %pushi/vec4 0, 0, 16;
    %ix/load 5, 0, 0;
    %load/vec4 v00000249528de020_0;
    %pad/s 36;
    %muli 16, 0, 36;
    %ix/vec4/s 4;
    %assign/vec4/off/d v00000249528dd6c0_0, 4, 5;
    ; show_stmt_assign_vector: Get l-value for compressed += operand
    %load/vec4 v00000249528de020_0;
    %pushi/vec4 1, 0, 32;
    %add;
    %store/vec4 v00000249528de020_0, 0, 32;
    %jmp T_17.2;
T_17.3 ;
    %jmp T_17.1;
T_17.0 ;
    %load/vec4 v00000249528ddf80_0;
    %assign/vec4 v00000249528de840_0, 0;
    %load/vec4 v00000249528de480_0;
    %assign/vec4 v00000249528dd940_0, 0;
    %load/vec4 v00000249528dd300_0;
    %assign/vec4 v00000249528dd6c0_0, 0;
T_17.1 ;
    %jmp T_17;
    .thread T_17;
    .scope S_00000249528cd760;
T_18 ;
    %pushi/vec4 1, 0, 1;
    %store/vec4 v000002495295be70_0, 0, 1;
T_18.0 ;
    %delay 5, 0;
    %load/vec4 v000002495295be70_0;
    %inv;
    %store/vec4 v000002495295be70_0, 0, 1;
    %jmp T_18.0;
    %end;
    .thread T_18;
    .scope S_00000249528cd760;
T_19 ;
    %pushi/vec4 0, 0, 2;
    %assign/vec4 v000002495295a570_0, 0;
T_19.0 ;
    %load/vec4 v000002495295ae30_0;
    %cmpi/ne 1, 0, 1;
    %jmp/0xz T_19.1, 6;
    %wait E_00000249528e4860;
    %jmp T_19.0;
T_19.1 ;
    %wait E_00000249528e5860;
T_19.2 ;
    %load/vec4 v000002495295a570_0;
    %addi 1, 0, 2;
    %assign/vec4 v000002495295a570_0, 0;
    %load/vec4 v000002495295a570_0;
    %cmpi/u 3, 0, 2;
    %flag_inv 5; GE is !LT
    %jmp/0xz  T_19.3, 5;
    %pushi/vec4 0, 0, 2;
    %assign/vec4 v000002495295a570_0, 0;
T_19.3 ;
    %wait E_00000249528e5860;
    %jmp T_19.2;
    %end;
    .thread T_19;
    .scope S_00000249528cd760;
T_20 ;
Ewait_1 .event/or E_00000249528e48a0, E_0x0;
    %wait Ewait_1;
    %pushi/vec4 0, 0, 4;
    %store/vec4 v000002495295af70_0, 0, 4;
    %load/vec4 v000002495295ae30_0;
    %flag_set/vec4 8;
    %jmp/0xz  T_20.0, 8;
    %pushi/vec4 0, 0, 4;
    %store/vec4 v000002495295af70_0, 0, 4;
    %pushi/vec4 1, 0, 1;
    %ix/getv 4, v000002495295a570_0;
    %store/vec4 v000002495295af70_0, 4, 1;
T_20.0 ;
    %jmp T_20;
    .thread T_20, $push;
    .scope S_00000249528cd760;
T_21 ;
    %wait E_00000249528e5860;
    %load/vec4 v000002495295b150_0;
    %flag_set/vec4 8;
    %jmp/0xz  T_21.0, 8;
    %pushi/vec4 0, 0, 16;
    %assign/vec4 v000002495295a110_0, 0;
    %jmp T_21.1;
T_21.0 ;
    %load/vec4 v000002495295ae30_0;
    %flag_set/vec4 8;
    %jmp/0xz  T_21.2, 8;
    %load/vec4 v000002495295a110_0;
    %addi 1, 0, 16;
    %assign/vec4 v000002495295a110_0, 0;
T_21.2 ;
T_21.1 ;
    %jmp T_21;
    .thread T_21;
    .scope S_00000249528cd760;
T_22 ;
    %pushi/vec4 0, 0, 15;
    %store/vec4 v000002495295bdd0_0, 0, 15;
T_22.0 ;
    %load/vec4 v000002495295ae30_0;
    %cmpi/ne 1, 0, 1;
    %jmp/0xz T_22.1, 6;
    %wait E_00000249528e4860;
    %jmp T_22.0;
T_22.1 ;
    %wait E_00000249528e5860;
T_22.2 ;
    %pushi/vec4 4, 0, 32;
T_22.3 %dup/vec4;
    %pushi/vec4 0, 0, 32;
    %cmp/s;
    %jmp/1xz T_22.4, 5;
    %jmp/1 T_22.4, 4;
    %pushi/vec4 1, 0, 32;
    %sub;
    %wait E_00000249528e5860;
    %jmp T_22.3;
T_22.4 ;
    %pop/vec4 1;
    %load/vec4 v000002495295bdd0_0;
    %parti/s 3, 0, 2;
    %addi 1, 0, 3;
    %ix/load 4, 0, 0;
    %flag_set/imm 4, 0;
    %store/vec4 v000002495295bdd0_0, 4, 3;
    %fork t_11, S_00000249528cd8f0;
    %jmp t_10;
    .scope S_00000249528cd8f0;
t_11 ;
    %pushi/vec4 0, 0, 32;
    %store/vec4 v00000249528dd3a0_0, 0, 32;
T_22.5 ;
    %load/vec4 v00000249528dd3a0_0;
    %cmpi/s 4, 0, 32;
    %jmp/0xz T_22.6, 5;
    %load/vec4 v000002495295bdd0_0;
    %load/vec4 v00000249528dd3a0_0;
    %pad/s 34;
    %muli 3, 0, 34;
    %part/s 3;
    %pad/u 32;
    %cmpi/u 4, 0, 32;
    %flag_inv 5; GE is !LT
    %jmp/0xz  T_22.7, 5;
    %pushi/vec4 0, 0, 3;
    %load/vec4 v00000249528dd3a0_0;
    %pad/s 34;
    %muli 3, 0, 34;
    %ix/vec4/s 4;
    %store/vec4 v000002495295bdd0_0, 4, 3;
    %load/vec4 v000002495295bdd0_0;
    %load/vec4 v00000249528dd3a0_0;
    %addi 1, 0, 32;
    %pad/s 34;
    %muli 3, 0, 34;
    %part/s 3;
    %addi 1, 0, 3;
    %load/vec4 v00000249528dd3a0_0;
    %addi 1, 0, 32;
    %pad/s 34;
    %muli 3, 0, 34;
    %ix/vec4/s 4;
    %store/vec4 v000002495295bdd0_0, 4, 3;
T_22.7 ;
    %load/vec4 v00000249528dd3a0_0;
    %addi 1, 0, 32;
    %cast2;
    %store/vec4 v00000249528dd3a0_0, 0, 32;
    %jmp T_22.5;
T_22.6 ;
    %end;
    .scope S_00000249528cd760;
t_10 %join;
    %load/vec4 v000002495295bdd0_0;
    %parti/s 3, 12, 5;
    %cmpi/u 0, 0, 3;
    %flag_or 5, 4; GT is !LE
    %flag_inv 5;
    %jmp/0xz  T_22.9, 5;
    %event E_00000249528e51e0;
T_22.9 ;
    %jmp T_22.2;
    %end;
    .thread T_22;
    .scope S_00000249528cd760;
T_23 ;
    %vpi_call/w 4 151 "$dumpvars" {0 0 0};
    %pushi/vec4 0, 0, 1;
    %assign/vec4 v000002495295ae30_0, 0;
    %fork TD_testbench.tb_1.reset, S_0000024952852e50;
    %join;
    %pushi/vec4 1, 0, 1;
    %assign/vec4 v000002495295ae30_0, 0;
    %wait E_00000249528e51e0;
    %pushi/vec4 0, 0, 1;
    %assign/vec4 v000002495295ae30_0, 0;
    %pushi/vec4 5, 0, 32;
T_23.0 %dup/vec4;
    %pushi/vec4 0, 0, 32;
    %cmp/s;
    %jmp/1xz T_23.1, 5;
    %jmp/1 T_23.1, 4;
    %pushi/vec4 1, 0, 32;
    %sub;
    %wait E_00000249528e5860;
    %jmp T_23.0;
T_23.1 ;
    %pop/vec4 1;
    %event E_00000249528e5ca0;
    %wait E_00000249528e5860;
    %vpi_call/w 4 170 "$finish" {0 0 0};
    %end;
    .thread T_23;
    .scope S_00000249528cd760;
T_24 ;
T_24.0 ;
    %wait E_00000249528e5860;
    %load/vec4 v000002495295ae30_0;
    %flag_set/vec4 8;
    %jmp/0xz  T_24.1, 8;
    %ix/load 4, 0, 0;
    %load/vec4 v000002495295a110_0;
    %store/qb/v v000002495295a930_0, 4, 16;
T_24.1 ;
    %jmp T_24.0;
    %end;
    .thread T_24;
    .scope S_00000249528cd760;
T_25 ;
T_25.0 ;
    %wait E_00000249528e5860;
    %load/vec4 v000002495295acf0_0;
    %flag_set/vec4 8;
    %jmp/0xz  T_25.1, 8;
    %ix/load 4, 0, 0;
    %load/vec4 v000002495295b470_0;
    %store/qb/v v000002495295b1f0_0, 4, 16;
T_25.1 ;
    %jmp T_25.0;
    %end;
    .thread T_25;
    .scope S_00000249528cd760;
T_26 ;
    %wait E_00000249528e5ca0;
    %pushi/vec4 0, 0, 1;
    %store/vec4 v000002495295a9d0_0, 0, 1;
    %vpi_func 4 213 "$size" 32, v000002495295a930_0 {0 0 0};
    %vpi_call/w 4 213 "$info", "Qeueue size: %d", S<0,vec4,s32> {1 0 0};
    %fork t_13, S_00000249528ad770;
    %jmp t_12;
    .scope S_00000249528ad770;
t_13 ;
    %pushi/vec4 0, 0, 32;
    %store/vec4 v00000249528dd620_0, 0, 32;
T_26.0 ;
    %load/vec4 v00000249528dd620_0;
    %vpi_func 4 215 "$size" 32, v000002495295a930_0 {0 0 0};
    %cmp/s;
    %jmp/0xz T_26.1, 5;
    %qpop/f/v v000002495295a930_0, 16;
    %store/vec4 v000002495295ad90_0, 0, 16;
    %qpop/f/v v000002495295b1f0_0, 16;
    %store/vec4 v000002495295ba10_0, 0, 16;
    %load/vec4 v000002495295ad90_0;
    %load/vec4 v000002495295ba10_0;
    %cmp/ne;
    %jmp/0xz  T_26.2, 6;
    %vpi_call/w 4 220 "$warning", "Test failed. Expected output %d, but get %d", v000002495295ad90_0, v000002495295ba10_0 {0 0 0};
    %pushi/vec4 1, 0, 1;
    %store/vec4 v000002495295a9d0_0, 0, 1;
T_26.2 ;
    %load/vec4 v00000249528dd620_0;
    %addi 1, 0, 32;
    %cast2;
    %store/vec4 v00000249528dd620_0, 0, 32;
    %jmp T_26.0;
T_26.1 ;
    %end;
    .scope S_00000249528cd760;
t_12 %join;
    %load/vec4 v000002495295a9d0_0;
    %flag_set/vec4 8;
    %jmp/0xz  T_26.4, 8;
    %vpi_call/w 4 226 "$display", "FAIL %s - see above", "06_07_put_in_order/testbench_1.sv" {0 0 0};
    %jmp T_26.5;
T_26.4 ;
    %vpi_call/w 4 228 "$display", "PASS %s", "06_07_put_in_order/testbench_1.sv" {0 0 0};
T_26.5 ;
    %end;
    .thread T_26;
    .scope S_000002495293caa0;
T_27 ;
Ewait_2 .event/or E_00000249528b0d80, E_0x0;
    %wait Ewait_2;
    %load/vec4 v000002495295bb50_0;
    %store/vec4 v000002495295b8d0_0, 0, 10;
    %load/vec4 v000002495295b0b0_0;
    %store/vec4 v000002495295b5b0_0, 0, 80;
    %load/vec4 v000002495295a430_0;
    %store/vec4 v000002495295b010_0, 0, 4;
    %pushi/vec4 0, 0, 1;
    %store/vec4 v000002495295b830_0, 0, 1;
    %pushi/vec4 0, 0, 8;
    %store/vec4 v000002495295b790_0, 0, 8;
    %pushi/vec4 0, 0, 32;
    %store/vec4 v000002495295bbf0_0, 0, 32;
T_27.0 ;
    %load/vec4 v000002495295bbf0_0;
    %cmpi/s 10, 0, 32;
    %jmp/0xz T_27.1, 5;
    %load/vec4 v000002495293e3c0_0;
    %load/vec4 v000002495295bbf0_0;
    %part/s 1;
    %flag_set/vec4 8;
    %jmp/0xz  T_27.2, 8;
    %pushi/vec4 1, 0, 1;
    %ix/getv/s 4, v000002495295bbf0_0;
    %store/vec4 v000002495295b8d0_0, 4, 1;
    %load/vec4 v000002495293dc40_0;
    %load/vec4 v000002495295bbf0_0;
    %pad/s 35;
    %muli 8, 0, 35;
    %part/s 8;
    %load/vec4 v000002495295bbf0_0;
    %pad/s 35;
    %muli 8, 0, 35;
    %ix/vec4/s 4;
    %store/vec4 v000002495295b5b0_0, 4, 8;
T_27.2 ;
    ; show_stmt_assign_vector: Get l-value for compressed += operand
    %load/vec4 v000002495295bbf0_0;
    %pushi/vec4 1, 0, 32;
    %add;
    %store/vec4 v000002495295bbf0_0, 0, 32;
    %jmp T_27.0;
T_27.1 ;
    %load/vec4 v000002495295b8d0_0;
    %load/vec4 v000002495295a430_0;
    %part/u 1;
    %flag_set/vec4 8;
    %jmp/0xz  T_27.4, 8;
    %pushi/vec4 1, 0, 1;
    %store/vec4 v000002495295b830_0, 0, 1;
    %load/vec4 v000002495295b5b0_0;
    %load/vec4 v000002495295a430_0;
    %pad/u 7;
    %muli 8, 0, 7;
    %part/u 8;
    %store/vec4 v000002495295b790_0, 0, 8;
    %pushi/vec4 0, 0, 1;
    %ix/getv 4, v000002495295a430_0;
    %store/vec4 v000002495295b8d0_0, 4, 1;
    %load/vec4 v000002495295a430_0;
    %pad/u 32;
    %cmpi/e 9, 0, 32;
    %flag_mov 8, 4;
    %jmp/0 T_27.6, 8;
    %pushi/vec4 0, 0, 4;
    %jmp/1 T_27.7, 8;
T_27.6 ; End of true expr.
    %load/vec4 v000002495295a430_0;
    %addi 1, 0, 4;
    %jmp/0 T_27.7, 8;
 ; End of false expr.
    %blend;
T_27.7;
    %store/vec4 v000002495295b010_0, 0, 4;
T_27.4 ;
    %jmp T_27;
    .thread T_27, $push;
    .scope S_000002495293caa0;
T_28 ;
    %wait E_00000249528b1540;
    %load/vec4 v000002495293e280_0;
    %flag_set/vec4 8;
    %jmp/0xz  T_28.0, 8;
    %pushi/vec4 0, 0, 4;
    %assign/vec4 v000002495295a430_0, 0;
    %pushi/vec4 0, 0, 10;
    %assign/vec4 v000002495295bb50_0, 0;
    %pushi/vec4 0, 0, 32;
    %store/vec4 v000002495295bbf0_0, 0, 32;
T_28.2 ;
    %load/vec4 v000002495295bbf0_0;
    %cmpi/s 10, 0, 32;
    %jmp/0xz T_28.3, 5;
    %pushi/vec4 0, 0, 8;
    %ix/load 5, 0, 0;
    %load/vec4 v000002495295bbf0_0;
    %pad/s 35;
    %muli 8, 0, 35;
    %ix/vec4/s 4;
    %assign/vec4/off/d v000002495295b0b0_0, 4, 5;
    ; show_stmt_assign_vector: Get l-value for compressed += operand
    %load/vec4 v000002495295bbf0_0;
    %pushi/vec4 1, 0, 32;
    %add;
    %store/vec4 v000002495295bbf0_0, 0, 32;
    %jmp T_28.2;
T_28.3 ;
    %jmp T_28.1;
T_28.0 ;
    %load/vec4 v000002495295b010_0;
    %assign/vec4 v000002495295a430_0, 0;
    %load/vec4 v000002495295b8d0_0;
    %assign/vec4 v000002495295bb50_0, 0;
    %load/vec4 v000002495295b5b0_0;
    %assign/vec4 v000002495295b0b0_0, 0;
T_28.1 ;
    %jmp T_28;
    .thread T_28;
    .scope S_000002495295c030;
T_29 ;
    %pushi/vec4 0, 0, 1;
    %store/vec4 v000002495293d1a0_0, 0, 1;
    %pushi/vec4 0, 0, 32;
    %store/vec4 v000002495293d7e0_0, 0, 32;
    %pushi/vec4 0, 0, 32;
    %store/vec4 v000002495293d060_0, 0, 32;
    %end;
    .thread T_29, $init;
    .scope S_000002495295c030;
T_30 ;
    %pushi/vec4 0, 0, 1;
    %store/vec4 v000002495293dec0_0, 0, 1;
T_30.0 ;
    %delay 500, 0;
    %load/vec4 v000002495293dec0_0;
    %inv;
    %store/vec4 v000002495293dec0_0, 0, 1;
    %jmp T_30.0;
    %end;
    .thread T_30;
    .scope S_000002495295c030;
T_31 ;
    %pushi/vec4 1, 1, 1;
    %assign/vec4 v000002495293e1e0_0, 0;
    %pushi/vec4 2, 0, 32;
T_31.0 %dup/vec4;
    %pushi/vec4 0, 0, 32;
    %cmp/s;
    %jmp/1xz T_31.1, 5;
    %jmp/1 T_31.1, 4;
    %pushi/vec4 1, 0, 32;
    %sub;
    %wait E_00000249528b0ec0;
    %jmp T_31.0;
T_31.1 ;
    %pop/vec4 1;
    %pushi/vec4 1, 0, 1;
    %assign/vec4 v000002495293e1e0_0, 0;
    %pushi/vec4 2, 0, 32;
T_31.2 %dup/vec4;
    %pushi/vec4 0, 0, 32;
    %cmp/s;
    %jmp/1xz T_31.3, 5;
    %jmp/1 T_31.3, 4;
    %pushi/vec4 1, 0, 32;
    %sub;
    %wait E_00000249528b0ec0;
    %jmp T_31.2;
T_31.3 ;
    %pop/vec4 1;
    %pushi/vec4 0, 0, 1;
    %assign/vec4 v000002495293e1e0_0, 0;
    %end;
    .thread T_31;
    .scope S_000002495295c030;
T_32 ;
    %wait E_00000249528b0ec0;
    %load/vec4 v000002495293e1e0_0;
    %flag_set/vec4 8;
    %jmp/0xz  T_32.0, 8;
    %pushi/vec4 1, 0, 1;
    %assign/vec4 v000002495293d1a0_0, 0;
T_32.0 ;
    %jmp T_32;
    .thread T_32;
    .scope S_000002495295c030;
T_33 ;
    %wait E_00000249528b0ec0;
    %load/vec4 v000002495293d1a0_0;
    %flag_set/vec4 8;
    %jmp/0xz  T_33.0, 8;
    %vpi_call/w 7 186 "$write", "%3d  pending  ", v000002495293d060_0 {0 0 0};
    %fork t_15, S_000002495293c5f0;
    %jmp t_14;
    .scope S_000002495293c5f0;
t_15 ;
    %pushi/vec4 0, 0, 32;
    %store/vec4 v000002495295a2f0_0, 0, 32;
T_33.2 ;
    %load/vec4 v000002495295a2f0_0;
    %cmpi/s 10, 0, 32;
    %jmp/0xz T_33.3, 5;
    %load/vec4 v000002495293d240_0;
    %load/vec4 v000002495295a2f0_0;
    %part/s 1;
    %flag_set/vec4 8;
    %jmp/0xz  T_33.4, 8;
    %load/vec4 v000002495293dd80_0;
    %load/vec4 v000002495295a2f0_0;
    %pad/s 35;
    %muli 8, 0, 35;
    %part/s 8;
    %vpi_call/w 7 190 "$write", " %h", S<0,vec4,u8> {1 0 0};
    %jmp T_33.5;
T_33.4 ;
    %vpi_call/w 7 192 "$write", "   " {0 0 0};
T_33.5 ;
    ; show_stmt_assign_vector: Get l-value for compressed += operand
    %load/vec4 v000002495295a2f0_0;
    %pushi/vec4 1, 0, 32;
    %add;
    %cast2;
    %store/vec4 v000002495295a2f0_0, 0, 32;
    %jmp T_33.2;
T_33.3 ;
    %end;
    .scope S_000002495295c030;
t_14 %join;
    %vpi_call/w 7 194 "$display" {0 0 0};
    %vpi_call/w 7 196 "$write", "%3d  up       ", v000002495293d060_0 {0 0 0};
    %fork t_17, S_000002495293c910;
    %jmp t_16;
    .scope S_000002495293c910;
t_17 ;
    %pushi/vec4 0, 0, 32;
    %store/vec4 v000002495295a390_0, 0, 32;
T_33.6 ;
    %load/vec4 v000002495295a390_0;
    %cmpi/s 10, 0, 32;
    %jmp/0xz T_33.7, 5;
    %load/vec4 v000002495293eaa0_0;
    %load/vec4 v000002495295a390_0;
    %part/s 1;
    %flag_set/vec4 8;
    %jmp/0xz  T_33.8, 8;
    %load/vec4 v000002495293e320_0;
    %load/vec4 v000002495295a390_0;
    %pad/s 35;
    %muli 8, 0, 35;
    %part/s 8;
    %vpi_call/w 7 200 "$write", " %h", S<0,vec4,u8> {1 0 0};
    %jmp T_33.9;
T_33.8 ;
    %vpi_call/w 7 202 "$write", "   " {0 0 0};
T_33.9 ;
    ; show_stmt_assign_vector: Get l-value for compressed += operand
    %load/vec4 v000002495295a390_0;
    %pushi/vec4 1, 0, 32;
    %add;
    %cast2;
    %store/vec4 v000002495295a390_0, 0, 32;
    %jmp T_33.6;
T_33.7 ;
    %end;
    .scope S_000002495295c030;
t_16 %join;
    %vpi_call/w 7 204 "$display" {0 0 0};
    %vpi_call/w 7 206 "$write", "%3d  down     ", v000002495293d060_0 {0 0 0};
    %load/vec4 v000002495293d560_0;
    %flag_set/vec4 8;
    %jmp/0xz  T_33.10, 8;
    %vpi_call/w 7 209 "$write", " %h", v000002495293dce0_0 {0 0 0};
T_33.10 ;
    %vpi_call/w 7 211 "$display", "\012" {0 0 0};
T_33.0 ;
    ; show_stmt_assign_vector: Get l-value for compressed += operand
    %load/vec4 v000002495293d060_0;
    %pushi/vec4 1, 0, 32;
    %add;
    %cast2;
    %store/vec4 v000002495293d060_0, 0, 32;
    %jmp T_33;
    .thread T_33;
    .scope S_00000249528ef5f0;
T_34 ;
    %pushi/vec4 0, 0, 1;
    %force/vec4 v000002495295be70_0;
    %fork TD_testbench.tb_2.run, S_000002495293cc30;
    %join;
    %release/reg v000002495295be70_0, 0, 1;
    %end;
    .thread T_34;
# The file index is used to find the file name in the following table.
:file_names 8;
    "N/A";
    "<interactive>";
    "-";
    "06_07_put_in_order/testbench.sv";
    "06_07_put_in_order/testbench_1.sv";
    "06_07_put_in_order/06_07_put_in_order.sv";
    "06_07_put_in_order/delay_data_model.sv";
    "06_07_put_in_order/testbench_2.sv";
